<?xml version="1.0" encoding="UTF-8"?>
<!-- Generated by org.testng.reporters.JUnitXMLReporter -->
<testsuite ignored="0" hostname="RAJAT" failures="0" tests="5" name="Default test" time="48.985" errors="0" timestamp="2024-11-21T17:03:50 IST">
  <testcase classname="TestCases.FacebookLoginTest" name="testLogin" time="4.314"/>
  <testcase classname="TestCases.FacebookLoginTest" name="testLogin" time="4.234"/>
  <testcase classname="TestCases.FacebookLoginTest" name="testLogin" time="4.293"/>
  <testcase classname="TestCases.FacebookLoginTest" name="testLogin" time="4.299"/>
  <testcase classname="TestCases.FacebookLoginTest" name="testLogin" time="4.294"/>
</testsuite> <!-- Default test -->
