<?xml version="1.0" encoding="UTF-8"?>
<!-- Generated by org.testng.reporters.JUnitXMLReporter -->
<testsuite ignored="0" hostname="RAJAT" failures="0" tests="5" name="Test" time="39.306" errors="0" timestamp="2024-11-13T03:03:17 IST">
  <testcase classname="TestCases.FacebookLoginTest" name="testLogin" time="4.275"/>
  <testcase classname="TestCases.FacebookLoginTest" name="testLogin" time="4.393"/>
  <testcase classname="TestCases.FacebookLoginTest" name="testLogin" time="4.248"/>
  <testcase classname="TestCases.FacebookLoginTest" name="testLogin" time="4.363"/>
  <testcase classname="TestCases.FacebookLoginTest" name="testLogin" time="4.326"/>
</testsuite> <!-- Test -->
