<?xml version="1.0" encoding="UTF-8"?>
<testng-results ignored="0" total="5" passed="5" failed="0" skipped="0">
  <reporter-output>
    <line>
      <![CDATA[Test passed: testLogin]]>
    </line>
    <line>
      <![CDATA[Test passed: testLogin]]>
    </line>
    <line>
      <![CDATA[Test passed: testLogin]]>
    </line>
    <line>
      <![CDATA[Test passed: testLogin]]>
    </line>
    <line>
      <![CDATA[Test passed: testLogin]]>
    </line>
  </reporter-output>
  <suite started-at="2024-11-21T17:03:01 IST" name="Default suite" finished-at="2024-11-21T17:03:50 IST" duration-ms="48985">
    <groups>
    </groups>
    <test started-at="2024-11-21T17:03:01 IST" name="Default test" finished-at="2024-11-21T17:03:50 IST" duration-ms="48985">
      <class name="TestCases.FacebookLoginTest">
        <test-method is-config="true" signature="setUp()[pri:0, instance:TestCases.FacebookLoginTest@409bf450]" started-at="2024-11-21T17:03:02 IST" name="setUp" finished-at="2024-11-21T17:03:09 IST" duration-ms="7387" status="PASS">
          <reporter-output>
          </reporter-output>
        </test-method> <!-- setUp -->
        <test-method signature="testLogin(java.lang.String,java.lang.String)[pri:0, instance:TestCases.FacebookLoginTest@409bf450]" started-at="2024-11-21T17:03:09 IST" name="testLogin" description="Test1 Login Facebook" data-provider="loginData" finished-at="2024-11-21T17:03:13 IST" duration-ms="4314" status="PASS">
          <params>
            <param index="0">
              <value>
                <![CDATA[user1]]>
              </value>
            </param>
            <param index="1">
              <value>
                <![CDATA[Pass123@gmail.com]]>
              </value>
            </param>
          </params>
          <reporter-output>
            <line>
              <![CDATA[Test passed: testLogin]]>
            </line>
          </reporter-output>
        </test-method> <!-- testLogin -->
        <test-method is-config="true" signature="tearDown()[pri:0, instance:TestCases.FacebookLoginTest@409bf450]" started-at="2024-11-21T17:03:13 IST" name="tearDown" finished-at="2024-11-21T17:03:14 IST" duration-ms="752" status="PASS">
          <reporter-output>
          </reporter-output>
        </test-method> <!-- tearDown -->
        <test-method is-config="true" signature="setUp()[pri:0, instance:TestCases.FacebookLoginTest@409bf450]" started-at="2024-11-21T17:03:14 IST" name="setUp" finished-at="2024-11-21T17:03:20 IST" duration-ms="5757" status="PASS">
          <reporter-output>
          </reporter-output>
        </test-method> <!-- setUp -->
        <test-method signature="testLogin(java.lang.String,java.lang.String)[pri:0, instance:TestCases.FacebookLoginTest@409bf450]" started-at="2024-11-21T17:03:20 IST" name="testLogin" description="Test1 Login Facebook" data-provider="loginData" finished-at="2024-11-21T17:03:24 IST" duration-ms="4234" status="PASS">
          <params>
            <param index="0">
              <value>
                <![CDATA[user2]]>
              </value>
            </param>
            <param index="1">
              <value>
                <![CDATA[Pass124@gmail.com]]>
              </value>
            </param>
          </params>
          <reporter-output>
            <line>
              <![CDATA[Test passed: testLogin]]>
            </line>
          </reporter-output>
        </test-method> <!-- testLogin -->
        <test-method is-config="true" signature="tearDown()[pri:0, instance:TestCases.FacebookLoginTest@409bf450]" started-at="2024-11-21T17:03:24 IST" name="tearDown" finished-at="2024-11-21T17:03:24 IST" duration-ms="219" status="PASS">
          <reporter-output>
          </reporter-output>
        </test-method> <!-- tearDown -->
        <test-method is-config="true" signature="setUp()[pri:0, instance:TestCases.FacebookLoginTest@409bf450]" started-at="2024-11-21T17:03:24 IST" name="setUp" finished-at="2024-11-21T17:03:31 IST" duration-ms="6920" status="PASS">
          <reporter-output>
          </reporter-output>
        </test-method> <!-- setUp -->
        <test-method signature="testLogin(java.lang.String,java.lang.String)[pri:0, instance:TestCases.FacebookLoginTest@409bf450]" started-at="2024-11-21T17:03:31 IST" name="testLogin" description="Test1 Login Facebook" data-provider="loginData" finished-at="2024-11-21T17:03:36 IST" duration-ms="4293" status="PASS">
          <params>
            <param index="0">
              <value>
                <![CDATA[user3]]>
              </value>
            </param>
            <param index="1">
              <value>
                <![CDATA[Pass125@gmail.com]]>
              </value>
            </param>
          </params>
          <reporter-output>
            <line>
              <![CDATA[Test passed: testLogin]]>
            </line>
          </reporter-output>
        </test-method> <!-- testLogin -->
        <test-method is-config="true" signature="tearDown()[pri:0, instance:TestCases.FacebookLoginTest@409bf450]" started-at="2024-11-21T17:03:36 IST" name="tearDown" finished-at="2024-11-21T17:03:36 IST" duration-ms="264" status="PASS">
          <reporter-output>
          </reporter-output>
        </test-method> <!-- tearDown -->
        <test-method is-config="true" signature="setUp()[pri:0, instance:TestCases.FacebookLoginTest@409bf450]" started-at="2024-11-21T17:03:36 IST" name="setUp" finished-at="2024-11-21T17:03:38 IST" duration-ms="2388" status="PASS">
          <reporter-output>
          </reporter-output>
        </test-method> <!-- setUp -->
        <test-method signature="testLogin(java.lang.String,java.lang.String)[pri:0, instance:TestCases.FacebookLoginTest@409bf450]" started-at="2024-11-21T17:03:38 IST" name="testLogin" description="Test1 Login Facebook" data-provider="loginData" finished-at="2024-11-21T17:03:42 IST" duration-ms="4299" status="PASS">
          <params>
            <param index="0">
              <value>
                <![CDATA[user4]]>
              </value>
            </param>
            <param index="1">
              <value>
                <![CDATA[Pass126@gmail.com]]>
              </value>
            </param>
          </params>
          <reporter-output>
            <line>
              <![CDATA[Test passed: testLogin]]>
            </line>
          </reporter-output>
        </test-method> <!-- testLogin -->
        <test-method is-config="true" signature="tearDown()[pri:0, instance:TestCases.FacebookLoginTest@409bf450]" started-at="2024-11-21T17:03:42 IST" name="tearDown" finished-at="2024-11-21T17:03:43 IST" duration-ms="236" status="PASS">
          <reporter-output>
          </reporter-output>
        </test-method> <!-- tearDown -->
        <test-method is-config="true" signature="setUp()[pri:0, instance:TestCases.FacebookLoginTest@409bf450]" started-at="2024-11-21T17:03:43 IST" name="setUp" finished-at="2024-11-21T17:03:45 IST" duration-ms="2387" status="PASS">
          <reporter-output>
          </reporter-output>
        </test-method> <!-- setUp -->
        <test-method signature="testLogin(java.lang.String,java.lang.String)[pri:0, instance:TestCases.FacebookLoginTest@409bf450]" started-at="2024-11-21T17:03:45 IST" name="testLogin" description="Test1 Login Facebook" data-provider="loginData" finished-at="2024-11-21T17:03:49 IST" duration-ms="4294" status="PASS">
          <params>
            <param index="0">
              <value>
                <![CDATA[user5]]>
              </value>
            </param>
            <param index="1">
              <value>
                <![CDATA[Pass127@gmail.com]]>
              </value>
            </param>
          </params>
          <reporter-output>
            <line>
              <![CDATA[Test passed: testLogin]]>
            </line>
          </reporter-output>
        </test-method> <!-- testLogin -->
        <test-method is-config="true" signature="tearDown()[pri:0, instance:TestCases.FacebookLoginTest@409bf450]" started-at="2024-11-21T17:03:49 IST" name="tearDown" finished-at="2024-11-21T17:03:50 IST" duration-ms="228" status="PASS">
          <reporter-output>
          </reporter-output>
        </test-method> <!-- tearDown -->
      </class> <!-- TestCases.FacebookLoginTest -->
    </test> <!-- Default test -->
  </suite> <!-- Default suite -->
</testng-results>
